2025-11-19 13:00:01,708 INFO poll-isp :: Consultando ISP logs desde 2025-11-19T10:00:01
2025-11-19 13:00:02,365 INFO poll-isp :: HTTP Request: GET https://online20.ispcube.com/api/connections/connections_provisioning_logs?created_at=2025-11-19T10%3A00%3A01 "HTTP/1.1 200 OK"
2025-11-19 13:00:03,375 INFO poll-isp :: HTTP Request: POST http://localhost:8000/sync/customer "HTTP/1.1 500 Internal Server Error"
2025-11-19 13:00:03,377 ERROR poll-isp :: Sync fallo para connection_id=10763 -> 500 {"detail":{"message":"Unexpected error","error":"Expecting value: line 1 column 1 (char 0)"}}
2025-11-19 13:00:03,377 ERROR poll-isp :: Error sincronizando connection_id=10763 (entry=create_connection:10763)
Traceback (most recent call last):
  File "/home/manu/Desktop/orquestador_intercity-develop/./scripts/poll_isp_connections.py", line 204, in process_logs
    sync_connection(
  File "/home/manu/Desktop/orquestador_intercity-develop/./scripts/poll_isp_connections.py", line 165, in sync_connection
    response.raise_for_status()
  File "/home/manu/.local/lib/python3.12/site-packages/httpx/_models.py", line 829, in raise_for_status
    raise HTTPStatusError(message, request=request, response=self)
httpx.HTTPStatusError: Server error '500 Internal Server Error' for url 'http://localhost:8000/sync/customer'
For more information check: https://developer.mozilla.org/en-US/docs/Web/HTTP/Status/500
2025-11-19 13:00:03,380 INFO poll-isp :: Procesados=0 | omitidos=0
2025-11-19 13:00:03,380 INFO poll-isp :: Cursor actualizado a 2025-11-19T15:52:47+00:00
2025-11-19 13:15:02,354 INFO poll-isp :: Consultando ISP logs desde 2025-11-19T15:52:47
2025-11-19 13:15:03,597 INFO poll-isp :: HTTP Request: GET https://online20.ispcube.com/api/connections/connections_provisioning_logs?created_at=2025-11-19T15%3A52%3A47 "HTTP/1.1 401 Unauthorized"
2025-11-19 13:15:03,601 ERROR poll-isp :: Job finalizado con error: Client error '401 Unauthorized' for url 'https://online20.ispcube.com/api/connections/connections_provisioning_logs?created_at=2025-11-19T15%3A52%3A47'
For more information check: https://developer.mozilla.org/en-US/docs/Web/HTTP/Status/401
Traceback (most recent call last):
  File "/home/manu/Desktop/orquestador_intercity-develop/./scripts/poll_isp_connections.py", line 349, in <module>
    main()
  File "/home/manu/Desktop/orquestador_intercity-develop/./scripts/poll_isp_connections.py", line 286, in main
    logs, provisioning_disabled = fetch_provisioning_logs(
                                  ^^^^^^^^^^^^^^^^^^^^^^^^
  File "/home/manu/Desktop/orquestador_intercity-develop/./scripts/poll_isp_connections.py", line 128, in fetch_provisioning_logs
    response.raise_for_status()
  File "/home/manu/.local/lib/python3.12/site-packages/httpx/_models.py", line 829, in raise_for_status
    raise HTTPStatusError(message, request=request, response=self)
httpx.HTTPStatusError: Client error '401 Unauthorized' for url 'https://online20.ispcube.com/api/connections/connections_provisioning_logs?created_at=2025-11-19T15%3A52%3A47'
For more information check: https://developer.mozilla.org/en-US/docs/Web/HTTP/Status/401
Traceback (most recent call last):
  File "/home/manu/Desktop/orquestador_intercity-develop/./scripts/poll_isp_connections.py", line 349, in <module>
    main()
  File "/home/manu/Desktop/orquestador_intercity-develop/./scripts/poll_isp_connections.py", line 286, in main
    logs, provisioning_disabled = fetch_provisioning_logs(
                                  ^^^^^^^^^^^^^^^^^^^^^^^^
  File "/home/manu/Desktop/orquestador_intercity-develop/./scripts/poll_isp_connections.py", line 128, in fetch_provisioning_logs
    response.raise_for_status()
  File "/home/manu/.local/lib/python3.12/site-packages/httpx/_models.py", line 829, in raise_for_status
    raise HTTPStatusError(message, request=request, response=self)
httpx.HTTPStatusError: Client error '401 Unauthorized' for url 'https://online20.ispcube.com/api/connections/connections_provisioning_logs?created_at=2025-11-19T15%3A52%3A47'
For more information check: https://developer.mozilla.org/en-US/docs/Web/HTTP/Status/401
2025-11-19 13:20:57,351 INFO poll-isp :: Consultando ISP logs desde 2025-11-19T15:52:47
2025-11-19 13:20:57,967 INFO poll-isp :: HTTP Request: GET https://online20.ispcube.com/api/connections/connections_provisioning_logs?created_at=2025-11-19T15%3A52%3A47 "HTTP/1.1 401 Unauthorized"
2025-11-19 13:20:57,970 ERROR poll-isp :: Job finalizado con error: Client error '401 Unauthorized' for url 'https://online20.ispcube.com/api/connections/connections_provisioning_logs?created_at=2025-11-19T15%3A52%3A47'
For more information check: https://developer.mozilla.org/en-US/docs/Web/HTTP/Status/401
Traceback (most recent call last):
  File "/home/manu/Desktop/orquestador_intercity-develop/./scripts/poll_isp_connections.py", line 349, in <module>
    main()
  File "/home/manu/Desktop/orquestador_intercity-develop/./scripts/poll_isp_connections.py", line 286, in main
    logs, provisioning_disabled = fetch_provisioning_logs(
                                  ^^^^^^^^^^^^^^^^^^^^^^^^
  File "/home/manu/Desktop/orquestador_intercity-develop/./scripts/poll_isp_connections.py", line 128, in fetch_provisioning_logs
    response.raise_for_status()
  File "/home/manu/.local/lib/python3.12/site-packages/httpx/_models.py", line 829, in raise_for_status
    raise HTTPStatusError(message, request=request, response=self)
httpx.HTTPStatusError: Client error '401 Unauthorized' for url 'https://online20.ispcube.com/api/connections/connections_provisioning_logs?created_at=2025-11-19T15%3A52%3A47'
For more information check: https://developer.mozilla.org/en-US/docs/Web/HTTP/Status/401
Traceback (most recent call last):
  File "/home/manu/Desktop/orquestador_intercity-develop/./scripts/poll_isp_connections.py", line 349, in <module>
    main()
  File "/home/manu/Desktop/orquestador_intercity-develop/./scripts/poll_isp_connections.py", line 286, in main
    logs, provisioning_disabled = fetch_provisioning_logs(
                                  ^^^^^^^^^^^^^^^^^^^^^^^^
  File "/home/manu/Desktop/orquestador_intercity-develop/./scripts/poll_isp_connections.py", line 128, in fetch_provisioning_logs
    response.raise_for_status()
  File "/home/manu/.local/lib/python3.12/site-packages/httpx/_models.py", line 829, in raise_for_status
    raise HTTPStatusError(message, request=request, response=self)
httpx.HTTPStatusError: Client error '401 Unauthorized' for url 'https://online20.ispcube.com/api/connections/connections_provisioning_logs?created_at=2025-11-19T15%3A52%3A47'
For more information check: https://developer.mozilla.org/en-US/docs/Web/HTTP/Status/401
2025-11-19 13:21:48,299 INFO poll-isp :: Consultando ISP logs desde 2025-11-19T15:52:47
2025-11-19 13:21:49,083 INFO poll-isp :: HTTP Request: GET https://online20.ispcube.com/api/connections/connections_provisioning_logs?created_at=2025-11-19T15%3A52%3A47 "HTTP/1.1 200 OK"
2025-11-19 13:21:49,085 INFO poll-isp :: Sin movimientos recientes desde 2025-11-19T15:52:47+00:00
2025-11-19 13:29:36,637 INFO poll-isp :: Consultando ISP logs desde 2025-11-19T15:52:47
2025-11-19 13:29:37,069 INFO poll-isp :: HTTP Request: GET https://online20.ispcube.com/api/connections/connections_provisioning_logs?created_at=2025-11-19T15%3A52%3A47 "HTTP/1.1 200 OK"
2025-11-19 13:29:37,069 INFO poll-isp :: Sin movimientos recientes desde 2025-11-19T15:52:47+00:00
2025-11-19 13:30:01,453 INFO poll-isp :: Consultando ISP logs desde 2025-11-19T15:52:47
2025-11-19 13:30:01,952 INFO poll-isp :: HTTP Request: GET https://online20.ispcube.com/api/connections/connections_provisioning_logs?created_at=2025-11-19T15%3A52%3A47 "HTTP/1.1 200 OK"
2025-11-19 13:30:01,954 INFO poll-isp :: Sin movimientos recientes desde 2025-11-19T15:52:47+00:00
2025-11-19 13:30:43,731 INFO poll-isp :: Consultando ISP logs desde 2025-11-19T15:52:47
2025-11-19 13:30:44,941 INFO poll-isp :: HTTP Request: GET https://online20.ispcube.com/api/connections/connections_provisioning_logs?created_at=2025-11-19T15%3A52%3A47 "HTTP/1.1 200 OK"
2025-11-19 13:30:44,944 INFO poll-isp :: Sin movimientos recientes desde 2025-11-19T15:52:47+00:00
2025-11-19 13:32:08,639 INFO poll-isp :: Consultando ISP logs desde 2025-11-19T15:52:47
2025-11-19 13:32:09,310 INFO poll-isp :: HTTP Request: GET https://online20.ispcube.com/api/connections/connections_provisioning_logs?created_at=2025-11-19T15%3A52%3A47 "HTTP/1.1 200 OK"
2025-11-19 13:32:09,311 INFO poll-isp :: Sin movimientos recientes desde 2025-11-19T15:52:47+00:00
2025-11-19 13:45:01,747 INFO poll-isp :: Consultando ISP logs desde 2025-11-19T15:52:47
2025-11-19 13:45:02,330 INFO poll-isp :: HTTP Request: GET https://online20.ispcube.com/api/connections/connections_provisioning_logs?created_at=2025-11-19T15%3A52%3A47 "HTTP/1.1 200 OK"
2025-11-19 13:45:02,332 INFO poll-isp :: Sin movimientos recientes desde 2025-11-19T15:52:47+00:00
2025-11-19 14:00:02,304 INFO poll-isp :: Consultando ISP logs desde 2025-11-19T15:52:47
2025-11-19 14:00:03,356 INFO poll-isp :: HTTP Request: GET https://online20.ispcube.com/api/connections/connections_provisioning_logs?created_at=2025-11-19T15%3A52%3A47 "HTTP/1.1 200 OK"
2025-11-19 14:00:03,434 INFO poll-isp :: Sin movimientos recientes desde 2025-11-19T15:52:47+00:00
2025-11-19 14:15:02,412 INFO poll-isp :: Consultando ISP logs desde 2025-11-19T15:52:47
2025-11-19 14:15:03,472 INFO poll-isp :: HTTP Request: GET https://online20.ispcube.com/api/connections/connections_provisioning_logs?created_at=2025-11-19T15%3A52%3A47 "HTTP/1.1 200 OK"
2025-11-19 14:15:03,475 INFO poll-isp :: Sin movimientos recientes desde 2025-11-19T15:52:47+00:00
2025-11-19 14:30:02,598 INFO poll-isp :: Consultando ISP logs desde 2025-11-19T15:52:47
2025-11-19 14:30:03,616 INFO poll-isp :: HTTP Request: GET https://online20.ispcube.com/api/connections/connections_provisioning_logs?created_at=2025-11-19T15%3A52%3A47 "HTTP/1.1 200 OK"
2025-11-19 14:30:03,617 INFO poll-isp :: Sin movimientos recientes desde 2025-11-19T15:52:47+00:00
2025-11-19 14:45:02,263 INFO poll-isp :: Consultando ISP logs desde 2025-11-19T17:31:32
2025-11-19 14:45:03,383 INFO poll-isp :: HTTP Request: GET https://online20.ispcube.com/api/connections/connections_provisioning_logs?created_at=2025-11-19T17%3A31%3A32 "HTTP/1.1 200 OK"
2025-11-19 14:45:03,385 INFO poll-isp :: Sin movimientos recientes desde 2025-11-19T17:31:32+00:00
2025-11-19 15:00:02,066 INFO poll-isp :: Consultando ISP logs desde 2025-11-19T17:31:32
2025-11-19 15:00:03,096 INFO poll-isp :: HTTP Request: GET https://online20.ispcube.com/api/connections/connections_provisioning_logs?created_at=2025-11-19T17%3A31%3A32 "HTTP/1.1 200 OK"
2025-11-19 15:00:03,097 INFO poll-isp :: Sin movimientos recientes desde 2025-11-19T17:31:32+00:00
2025-11-19 15:15:01,690 INFO poll-isp :: Consultando ISP logs desde 2025-11-19T17:31:32
2025-11-19 15:15:02,464 INFO poll-isp :: HTTP Request: GET https://online20.ispcube.com/api/connections/connections_provisioning_logs?created_at=2025-11-19T17%3A31%3A32 "HTTP/1.1 200 OK"
2025-11-19 15:15:02,466 INFO poll-isp :: Sin movimientos recientes desde 2025-11-19T17:31:32+00:00
2025-11-19 15:30:02,270 INFO poll-isp :: Consultando ISP logs desde 2025-11-19T17:31:32
2025-11-19 15:30:03,538 INFO poll-isp :: HTTP Request: GET https://online20.ispcube.com/api/connections/connections_provisioning_logs?created_at=2025-11-19T17%3A31%3A32 "HTTP/1.1 200 OK"
2025-11-19 15:30:03,542 INFO poll-isp :: Sin movimientos recientes desde 2025-11-19T17:31:32+00:00
2025-11-19 15:45:02,174 INFO poll-isp :: Consultando ISP logs desde 2025-11-19T17:31:32
2025-11-19 15:45:03,106 INFO poll-isp :: HTTP Request: GET https://online20.ispcube.com/api/connections/connections_provisioning_logs?created_at=2025-11-19T17%3A31%3A32 "HTTP/1.1 200 OK"
2025-11-19 15:45:03,107 INFO poll-isp :: Sin movimientos recientes desde 2025-11-19T17:31:32+00:00
2025-11-19 16:00:01,633 INFO poll-isp :: Consultando ISP logs desde 2025-11-19T18:51:13
2025-11-19 16:00:02,627 INFO poll-isp :: HTTP Request: GET https://online20.ispcube.com/api/connections/connections_provisioning_logs?created_at=2025-11-19T18%3A51%3A13 "HTTP/1.1 200 OK"
2025-11-19 16:00:02,628 INFO poll-isp :: Sin movimientos recientes desde 2025-11-19T18:51:13+00:00
2025-11-20 09:15:02,350 INFO poll-isp :: Consultando ISP logs desde 2025-11-19T18:51:13
2025-11-20 09:15:03,250 INFO poll-isp :: HTTP Request: GET https://online20.ispcube.com/api/connections/connections_provisioning_logs?created_at=2025-11-19T18%3A51%3A13 "HTTP/1.1 200 OK"
2025-11-20 09:15:03,252 INFO poll-isp :: Sin movimientos recientes desde 2025-11-19T18:51:13+00:00
2025-11-20 09:30:01,831 INFO poll-isp :: Consultando ISP logs desde 2025-11-19T19:39:47
2025-11-20 09:30:02,646 INFO poll-isp :: HTTP Request: GET https://online20.ispcube.com/api/connections/connections_provisioning_logs?created_at=2025-11-19T19%3A39%3A47 "HTTP/1.1 200 OK"
2025-11-20 09:30:02,647 INFO poll-isp :: Sin movimientos recientes desde 2025-11-19T19:39:47+00:00
2025-11-20 09:45:02,277 INFO poll-isp :: Consultando ISP logs desde 2025-11-19T19:39:47
2025-11-20 09:45:02,856 INFO poll-isp :: HTTP Request: GET https://online20.ispcube.com/api/connections/connections_provisioning_logs?created_at=2025-11-19T19%3A39%3A47 "HTTP/1.1 200 OK"
2025-11-20 09:45:02,857 INFO poll-isp :: Sin movimientos recientes desde 2025-11-19T19:39:47+00:00
2025-11-20 10:00:01,641 INFO poll-isp :: Consultando ISP logs desde 2025-11-19T19:39:47
2025-11-20 10:00:02,715 INFO poll-isp :: HTTP Request: GET https://online20.ispcube.com/api/connections/connections_provisioning_logs?created_at=2025-11-19T19%3A39%3A47 "HTTP/1.1 200 OK"
2025-11-20 10:00:02,716 INFO poll-isp :: Sin movimientos recientes desde 2025-11-19T19:39:47+00:00
2025-11-20 10:15:02,254 INFO poll-isp :: Consultando ISP logs desde 2025-11-19T19:39:47
2025-11-20 10:15:03,343 INFO poll-isp :: HTTP Request: GET https://online20.ispcube.com/api/connections/connections_provisioning_logs?created_at=2025-11-19T19%3A39%3A47 "HTTP/1.1 200 OK"
2025-11-20 10:15:03,344 INFO poll-isp :: Sin movimientos recientes desde 2025-11-19T19:39:47+00:00
2025-11-20 10:30:02,220 INFO poll-isp :: Consultando ISP logs desde 2025-11-19T19:39:47
2025-11-20 10:30:02,806 INFO poll-isp :: HTTP Request: GET https://online20.ispcube.com/api/connections/connections_provisioning_logs?created_at=2025-11-19T19%3A39%3A47 "HTTP/1.1 200 OK"
2025-11-20 10:30:02,807 INFO poll-isp :: Sin movimientos recientes desde 2025-11-19T19:39:47+00:00
2025-11-20 10:45:02,516 INFO poll-isp :: Consultando ISP logs desde 2025-11-19T19:39:47
2025-11-20 10:45:03,092 INFO poll-isp :: HTTP Request: GET https://online20.ispcube.com/api/connections/connections_provisioning_logs?created_at=2025-11-19T19%3A39%3A47 "HTTP/1.1 200 OK"
2025-11-20 10:45:03,098 INFO poll-isp :: Sin movimientos recientes desde 2025-11-19T19:39:47+00:00
